<?xml version="1.0" encoding="UTF-8"?>
<!-- Generated by org.testng.reporters.JUnitReportReporter -->
<testsuite skipped="0" hostname="DESKTOP-QH08G25" name="test.TESTFramework" tests="1" failures="0" timestamp="18 Oct 2019 01:16:05 GMT" time="20.652" errors="0">
  <testcase name="a" time="20.652" classname="test.TESTFramework"/>
</testsuite> <!-- test.TESTFramework -->
